[1.333s] Invoking command in '/home/datn/robot_ws/src/build/robot_control': DEBUGINFOD_URLS=https://debuginfod.ubuntu.com PYTHONPATH=/home/datn/robot_ws/src/build/robot_control/prefix_override:/usr/lib/python3/dist-packages/colcon_core/task/python/colcon_distutils_commands:/home/datn/robot_ws/src/install/robot_control/lib/python3.12/site-packages:${PYTHONPATH} /usr/bin/python3 -W ignore:setup.py install is deprecated -W ignore:easy_install command is deprecated setup.py develop --editable --build-directory /home/datn/robot_ws/src/build/robot_control/build --no-deps symlink_data
[1.857s] running develop
[2.378s] running egg_info
[2.378s] creating robot_control.egg-info
[2.430s] writing robot_control.egg-info/PKG-INFO
[2.433s] writing dependency_links to robot_control.egg-info/dependency_links.txt
[2.433s] writing entry points to robot_control.egg-info/entry_points.txt
[2.433s] writing requirements to robot_control.egg-info/requires.txt
[2.433s] writing top-level names to robot_control.egg-info/top_level.txt
[2.433s] writing manifest file 'robot_control.egg-info/SOURCES.txt'
[2.551s] reading manifest file 'robot_control.egg-info/SOURCES.txt'
[2.551s] writing manifest file 'robot_control.egg-info/SOURCES.txt'
[2.627s] running build_ext
[2.628s] Creating /home/datn/robot_ws/src/install/robot_control/lib/python3.12/site-packages/robot-control.egg-link (link to .)
[2.628s] Installing stm32_driver script to /home/datn/robot_ws/src/install/robot_control/lib/robot_control
[2.628s] 
[2.628s] Installed /home/datn/robot_ws/src/build/robot_control
[2.628s] running symlink_data
[2.629s] creating /home/datn/robot_ws/src/install/robot_control/share/ament_index
[2.629s] creating /home/datn/robot_ws/src/install/robot_control/share/ament_index/resource_index
[2.629s] creating /home/datn/robot_ws/src/install/robot_control/share/ament_index/resource_index/packages
[2.629s] symbolically linking /home/datn/robot_ws/src/build/robot_control/resource/robot_control -> /home/datn/robot_ws/src/install/robot_control/share/ament_index/resource_index/packages
[2.630s] symbolically linking /home/datn/robot_ws/src/build/robot_control/package.xml -> /home/datn/robot_ws/src/install/robot_control/share/robot_control
[2.815s] Invoked command in '/home/datn/robot_ws/src/build/robot_control' returned '0': DEBUGINFOD_URLS=https://debuginfod.ubuntu.com PYTHONPATH=/home/datn/robot_ws/src/build/robot_control/prefix_override:/usr/lib/python3/dist-packages/colcon_core/task/python/colcon_distutils_commands:/home/datn/robot_ws/src/install/robot_control/lib/python3.12/site-packages:${PYTHONPATH} /usr/bin/python3 -W ignore:setup.py install is deprecated -W ignore:easy_install command is deprecated setup.py develop --editable --build-directory /home/datn/robot_ws/src/build/robot_control/build --no-deps symlink_data
